<?xml version="1.0" encoding="UTF-8"?>
<!-- Generated by org.testng.reporters.JUnitReportReporter -->
<testsuite hostname="DESKTOP-550IO1Q" name="com.octa.fuzhou.database.DatabaseDeleteDBNegativeFlowTest" tests="1" failures="0" timestamp="11 Jul 2017 06:28:39 GMT" time="23.823" errors="0">
  <testcase name="test" time="23.823" classname="com.octa.fuzhou.database.DatabaseDeleteDBNegativeFlowTest"/>
</testsuite> <!-- com.octa.fuzhou.database.DatabaseDeleteDBNegativeFlowTest -->
