<?xml version="1.0" encoding="UTF-8"?>
<!-- Generated by org.testng.reporters.JUnitReportReporter -->
<testsuite hostname="DESKTOP-550IO1Q" name="com.octa.fuzhou.trustedAudit.TrustedAuditGraphSearchTest" tests="1" failures="0" timestamp="11 Jul 2017 06:42:43 GMT" time="22.195" errors="0">
  <testcase name="test" time="22.195" classname="com.octa.fuzhou.trustedAudit.TrustedAuditGraphSearchTest"/>
</testsuite> <!-- com.octa.fuzhou.trustedAudit.TrustedAuditGraphSearchTest -->
