<?xml version="1.0" encoding="UTF-8"?>
<!-- Generated by org.testng.reporters.JUnitReportReporter -->
<testsuite hostname="DESKTOP-550IO1Q" name="com.octa.fuzhou.signup.SignupDuplicatedUserTest" tests="1" failures="0" timestamp="2 Jun 2017 11:05:27 GMT" time="30.215" errors="0">
  <testcase name="test" time="30.215" classname="com.octa.fuzhou.signup.SignupDuplicatedUserTest"/>
</testsuite> <!-- com.octa.fuzhou.signup.SignupDuplicatedUserTest -->
