<?xml version="1.0" encoding="UTF-8"?>
<!-- Generated by org.testng.reporters.JUnitReportReporter -->
<testsuite hostname="DESKTOP-550IO1Q" name="com.octa.fuzhou.signup.SignupNegativeFlowTest" tests="1" failures="0" timestamp="2 Jun 2017 11:27:00 GMT" time="36.086" errors="0">
  <testcase name="test" time="36.086" classname="com.octa.fuzhou.signup.SignupNegativeFlowTest"/>
</testsuite> <!-- com.octa.fuzhou.signup.SignupNegativeFlowTest -->
