<?xml version="1.0" encoding="UTF-8"?>
<!-- Generated by org.testng.reporters.JUnitReportReporter -->
<testsuite hostname="DESKTOP-550IO1Q" name="com.octa.fuzhou.trustedAudit.TrustedAuditListWebBackendSearchTest" tests="1" failures="0" timestamp="23 Jun 2017 09:28:56 GMT" time="17.890" errors="0">
  <testcase name="test" time="17.890" classname="com.octa.fuzhou.trustedAudit.TrustedAuditListWebBackendSearchTest"/>
</testsuite> <!-- com.octa.fuzhou.trustedAudit.TrustedAuditListWebBackendSearchTest -->
