<?xml version="1.0" encoding="UTF-8"?>
<!-- Generated by org.testng.reporters.JUnitReportReporter -->
<testsuite hostname="DESKTOP-550IO1Q" name="com.octa.fuzhou.whitelist.WhiteListAddDuplicatedWlTest" tests="1" failures="0" timestamp="13 Jul 2017 10:05:55 GMT" time="70.174" errors="0">
  <testcase name="test" time="70.174" classname="com.octa.fuzhou.whitelist.WhiteListAddDuplicatedWlTest"/>
</testsuite> <!-- com.octa.fuzhou.whitelist.WhiteListAddDuplicatedWlTest -->
