<?xml version="1.0" encoding="UTF-8"?>
<!-- Generated by org.testng.reporters.JUnitReportReporter -->
<testsuite hostname="DESKTOP-550IO1Q" name="com.octa.fuzhou.signup.SignupHappyFlowTest" tests="1" failures="0" timestamp="21 Jun 2017 08:42:14 GMT" time="14.253" errors="0">
  <testcase name="test" time="14.253" classname="com.octa.fuzhou.signup.SignupHappyFlowTest"/>
</testsuite> <!-- com.octa.fuzhou.signup.SignupHappyFlowTest -->
