<?xml version="1.0" encoding="UTF-8"?>
<!-- Generated by org.testng.reporters.JUnitReportReporter -->
<testsuite hostname="DESKTOP-550IO1Q" name="com.octa.fuzhou.trustedAudit.TrustedAuditMLSearchPCRTest" tests="1" failures="0" timestamp="11 Jul 2017 08:37:09 GMT" time="22.134" errors="0">
  <testcase name="test" time="22.134" classname="com.octa.fuzhou.trustedAudit.TrustedAuditMLSearchPCRTest"/>
</testsuite> <!-- com.octa.fuzhou.trustedAudit.TrustedAuditMLSearchPCRTest -->
