<?xml version="1.0" encoding="UTF-8"?>
<!-- Generated by org.testng.reporters.JUnitReportReporter -->
<testsuite hostname="DESKTOP-550IO1Q" name="com.octa.fuzhou.trustedAudit.TrustedAuditListSearchTest" tests="1" failures="0" timestamp="11 Jul 2017 06:41:26 GMT" time="19.303" errors="0">
  <testcase name="test" time="19.303" classname="com.octa.fuzhou.trustedAudit.TrustedAuditListSearchTest"/>
</testsuite> <!-- com.octa.fuzhou.trustedAudit.TrustedAuditListSearchTest -->
