<?xml version="1.0" encoding="UTF-8"?>
<!-- Generated by org.testng.reporters.JUnitReportReporter -->
<testsuite hostname="DESKTOP-550IO1Q" name="com.octa.fuzhou.login.LoginChangePasswordHappyFlowTest" tests="1" failures="0" timestamp="21 Jun 2017 09:21:04 GMT" time="28.377" errors="0">
  <testcase name="test" time="28.377" classname="com.octa.fuzhou.login.LoginChangePasswordHappyFlowTest"/>
</testsuite> <!-- com.octa.fuzhou.login.LoginChangePasswordHappyFlowTest -->
