<?xml version="1.0" encoding="UTF-8"?>
<!-- Generated by org.testng.reporters.JUnitReportReporter -->
<testsuite hostname="DESKTOP-550IO1Q" name="com.octa.fuzhou.trustedAudit.TrustedAuditListPageJumpTest" tests="1" failures="0" timestamp="11 Jul 2017 06:53:42 GMT" time="226.744" errors="0">
  <testcase name="test" time="226.744" classname="com.octa.fuzhou.trustedAudit.TrustedAuditListPageJumpTest"/>
</testsuite> <!-- com.octa.fuzhou.trustedAudit.TrustedAuditListPageJumpTest -->
