<?xml version="1.0" encoding="UTF-8"?>
<!-- Generated by org.testng.reporters.JUnitReportReporter -->
<testsuite hostname="DESKTOP-550IO1Q" name="com.octa.fuzhou.login.LoginHappyFlowTest" tests="1" failures="0" timestamp="16 Jun 2017 08:41:34 GMT" time="94.235" errors="0">
  <testcase name="test" time="94.235" classname="com.octa.fuzhou.login.LoginHappyFlowTest"/>
</testsuite> <!-- com.octa.fuzhou.login.LoginHappyFlowTest -->
