<?xml version="1.0" encoding="UTF-8"?>
<!-- Generated by org.testng.reporters.JUnitReportReporter -->
<testsuite hostname="DESKTOP-550IO1Q" name="com.octa.fuzhou.trustedAudit.TrustedAuditMLPageJumpTest" tests="1" failures="0" timestamp="11 Jul 2017 10:12:55 GMT" time="57.983" errors="0">
  <testcase name="test" time="57.983" classname="com.octa.fuzhou.trustedAudit.TrustedAuditMLPageJumpTest"/>
</testsuite> <!-- com.octa.fuzhou.trustedAudit.TrustedAuditMLPageJumpTest -->
