<?xml version="1.0" encoding="UTF-8"?>
<!-- Generated by org.testng.reporters.JUnitReportReporter -->
<testsuite hostname="DESKTOP-550IO1Q" name="com.octa.fuzhou.login.LoginHappyFlowTest" tests="1" failures="0" timestamp="2 Jun 2017 11:10:07 GMT" time="17.364" errors="0">
  <testcase name="test" time="17.364" classname="com.octa.fuzhou.login.LoginHappyFlowTest"/>
</testsuite> <!-- com.octa.fuzhou.login.LoginHappyFlowTest -->
