<?xml version="1.0" encoding="UTF-8"?>
<!-- Generated by org.testng.reporters.JUnitReportReporter -->
<testsuite hostname="DESKTOP-550IO1Q" name="com.octa.fuzhou.database.DatabaseEditDBNegativeFlowTest" tests="1" failures="0" timestamp="22 Jun 2017 09:25:00 GMT" time="33.905" errors="0">
  <testcase name="test" time="33.905" classname="com.octa.fuzhou.database.DatabaseEditDBNegativeFlowTest"/>
</testsuite> <!-- com.octa.fuzhou.database.DatabaseEditDBNegativeFlowTest -->
