<?xml version="1.0" encoding="UTF-8"?>
<!-- Generated by org.testng.reporters.JUnitReportReporter -->
<testsuite hostname="DESKTOP-550IO1Q" name="com.octa.fuzhou.login.LoginChangePasswordHappyFlowTest" tests="1" failures="0" timestamp="2 Jun 2017 11:07:55 GMT" time="30.770" errors="0">
  <testcase name="test" time="30.770" classname="com.octa.fuzhou.login.LoginChangePasswordHappyFlowTest"/>
</testsuite> <!-- com.octa.fuzhou.login.LoginChangePasswordHappyFlowTest -->
