<?xml version="1.0" encoding="UTF-8"?>
<!-- Generated by org.testng.reporters.JUnitReportReporter -->
<testsuite hostname="DESKTOP-550IO1Q" name="com.octa.fuzhou.trustedAudit.TrustedAuditMLCrossSearchTest" tests="1" failures="0" timestamp="11 Jul 2017 09:35:25 GMT" time="24.833" errors="0">
  <testcase name="test" time="24.833" classname="com.octa.fuzhou.trustedAudit.TrustedAuditMLCrossSearchTest"/>
</testsuite> <!-- com.octa.fuzhou.trustedAudit.TrustedAuditMLCrossSearchTest -->
