<?xml version="1.0" encoding="UTF-8"?>
<!-- Generated by org.testng.reporters.JUnitReportReporter -->
<testsuite hostname="DESKTOP-550IO1Q" name="com.octa.fuzhou.login.LoginNegativeFlowTest" tests="1" failures="0" timestamp="2 Jun 2017 11:10:59 GMT" time="20.685" errors="0">
  <testcase name="test" time="20.685" classname="com.octa.fuzhou.login.LoginNegativeFlowTest"/>
</testsuite> <!-- com.octa.fuzhou.login.LoginNegativeFlowTest -->
